#
# A fatal error has been detected by the Java Runtime Environment:
#
#  SIGSEGV (0xb) at pc=0x00007fff86a04097, pid=14462, tid=3335
#
# JRE version: Java(TM) SE Runtime Environment (8.0_25-b17) (build 1.8.0_25-b17)
# Java VM: Java HotSpot(TM) 64-Bit Server VM (25.25-b02 mixed mode bsd-amd64 compressed oops)
# Problematic frame:
# C  [libobjc.A.dylib+0x5097]  objc_msgSend+0x17
#
# Failed to write core dump. Core dumps have been disabled. To enable core dumping, try "ulimit -c unlimited" before starting Java again
#
# If you would like to submit a bug report, please visit:
#   http://bugreport.sun.com/bugreport/crash.jsp
# The crash happened outside the Java Virtual Machine in native code.
# See problematic frame for where to report the bug.
#

---------------  T H R E A D  ---------------

Current thread (0x00007fbdb50de800):  JavaThread "AppKit Thread" daemon [_thread_in_native, id=3335, stack(0x00007fff5cbb9000,0x00007fff5d3b9000)]

siginfo: si_signo: 11 (SIGSEGV), si_code: 0 (unknown), si_addr: 0x0000000000000000

Registers:
RAX=0x00007fbdb3f34270, RBX=0x00000000000f42f1, RCX=0x0000000000000000, RDX=0x00007fbdb3d35e10
RSP=0x00007fff5d3b3898, RBP=0x00007fff5d3b38a0, RSI=0x00007fff8dd80b9f, RDI=0x00007fbdb3f34270
R8 =0x0000000000000040, R9 =0x00007fff5d3b3800, R10=0x00007fff8dd80b9f, R11=0x100007fbdb3f35a2
R12=0x00000000000f42f1, R13=0x00007fff5d3b3a68, R14=0x00007fbdb3d441b0, R15=0x00007fff5d3b39c8
RIP=0x00007fff86a04097, EFLAGS=0x0000000000010246, ERR=0x0000000000000000
  TRAPNO=0x000000000000000d

Top of Stack: (sp=0x00007fff5d3b3898)
0x00007fff5d3b3898:   00007fff80bcfe0c 00007fff5d3b3c00
0x00007fff5d3b38a8:   00007fff80ac382d 0000000000000003
0x00007fff5d3b38b8:   0000000102864e00 00007fff5d3b3900
0x00007fff5d3b38c8:   00007fff88b3d272 0000000000000798
0x00007fff5d3b38d8:   00000000000f42f3 0000000000000002
0x00007fff5d3b38e8:   00007fbdb3f3a040 00007fbdb3f39980
0x00007fff5d3b38f8:   00007fbdb3d0cea0 00007fbdb3d35e10
0x00007fff5d3b3908:   00007fff5d3b39c0 0000000000000000
0x00007fff5d3b3918:   00000000000f42f1 0000000000000051
0x00007fff5d3b3928:   00007fff5d3b3a40 0000000000000000
0x00007fff5d3b3938:   0000000000000001 00007fbdb3d0ce90
0x00007fff5d3b3948:   000000000000004f 00000000001341b8
0x00007fff5d3b3958:   0000010000000000 00007fff7068da60
0x00007fff5d3b3968:   00002060003a86ea 00007fff5d3b3ac0
0x00007fff5d3b3978:   0000000000000000 00007fff5d3b3a58
0x00007fff5d3b3988:   00007fff5d3b3a38 00007fff7068da48
0x00007fff5d3b3998:   0000000000000000 0000000000000024
0x00007fff5d3b39a8:   00007fff843a86ea 00007fff7294bd38
0x00007fff5d3b39b8:   0000000000000000 00007fbdb3f3a0c0
0x00007fff5d3b39c8:   00007fbdb3d441b0 00007fff8186db08
0x00007fff5d3b39d8:   0000000000000000 00007fff5d3b3aa0
0x00007fff5d3b39e8:   00007fff82e0edde 00007fff7042b0d0
0x00007fff5d3b39f8:   0000000042000000 00007fff82e171d1
0x00007fff5d3b3a08:   00007fff70669b40 00007fff5d3b3b08
0x00007fff5d3b3a18:   00007fff5d3b3a38 00007fff5d3b3a58
0x00007fff5d3b3a28:   0000000000000000 0000000102860001
0x00007fff5d3b3a38:   0000000000000000 000000000000004d
0x00007fff5d3b3a48:   0000000000000000 00000000000f42e5
0x00007fff5d3b3a58:   000000000000004f 0000000000000000
0x00007fff5d3b3a68:   00000000000f42f1 000000015d3b3b10
0x00007fff5d3b3a78:   00007fff843a9261 00007fff70efe748
0x00007fff5d3b3a88:   00007fff70efe74c 0000000070efa1b8 

Instructions: (pc=0x00007fff86a04097)
0x00007fff86a04077:   90 90 90 90 90 90 90 90 90 48 85 ff 2e 74 72 40
0x00007fff86a04087:   f6 c7 01 2e 0f 85 7e 00 00 00 4c 8b 1f 49 89 f2
0x00007fff86a04097:   45 23 53 18 49 c1 e2 04 4d 03 53 10 49 3b 32 75
0x00007fff86a040a7:   04 41 ff 62 08 49 83 3a 00 74 74 4d 3b 53 10 74 

Register to memory mapping:

RAX=0x00007fbdb3f34270 is an unknown value
RBX=0x00000000000f42f1 is an unknown value
RCX=0x0000000000000000 is an unknown value
RDX=0x00007fbdb3d35e10 is an unknown value
RSP=0x00007fff5d3b3898 is pointing into the stack for thread: 0x00007fbdb50de800
RBP=0x00007fff5d3b38a0 is pointing into the stack for thread: 0x00007fbdb50de800
RSI=0x00007fff8dd80b9f: NSAppKitVersionNumber+0x5358f in /System/Library/Frameworks/AppKit.framework/Versions/C/AppKit at 0x00007fff8d2dd000
RDI=0x00007fbdb3f34270 is an unknown value
R8 =0x0000000000000040 is an unknown value
R9 =0x00007fff5d3b3800 is pointing into the stack for thread: 0x00007fbdb50de800
R10=0x00007fff8dd80b9f: NSAppKitVersionNumber+0x5358f in /System/Library/Frameworks/AppKit.framework/Versions/C/AppKit at 0x00007fff8d2dd000
R11=0x100007fbdb3f35a2 is an unknown value
R12=0x00000000000f42f1 is an unknown value
R13=0x00007fff5d3b3a68 is pointing into the stack for thread: 0x00007fbdb50de800
R14=0x00007fbdb3d441b0 is an unknown value
R15=0x00007fff5d3b39c8 is pointing into the stack for thread: 0x00007fbdb50de800


Stack: [0x00007fff5cbb9000,0x00007fff5d3b9000],  sp=0x00007fff5d3b3898,  free space=8170k
Native frames: (J=compiled Java code, j=interpreted, Vv=VM code, C=native code)
C  [libobjc.A.dylib+0x5097]  objc_msgSend+0x17
C  [CoreFoundation+0x1082d]  _CFXNotificationPost+0xb4d
C  [Foundation+0x27ba]  -[NSNotificationCenter postNotificationName:object:userInfo:]+0x44
C  [AppKit+0x10f5a9]  -[NSSurface _disposeSurface]+0x98
C  [AppKit+0x10f045]  -[NSSurface setWindow:]+0x46
C  [AppKit+0x3af27]  -[NSView _setWindow:]+0x8ea
C  [AppKit+0x3bf7a]  -[NSView removeFromSuperview]+0x15e
C  [AppKit+0x986e9]  -[NSView removeFromSuperviewWithoutNeedingDisplay]+0x26
C  [liblwjgl.dylib+0xa205]  +[MacOSXKeyableWindow destroyWindow]+0xb5
C  [Foundation+0x6313e]  __NSThreadPerformPerform+0xe5
C  [CoreFoundation+0x7f5b1]  __CFRUNLOOP_IS_CALLING_OUT_TO_A_SOURCE0_PERFORM_FUNCTION__+0x11
C  [CoreFoundation+0x70c62]  __CFRunLoopDoSources0+0xf2
C  [CoreFoundation+0x703ef]  __CFRunLoopRun+0x33f
C  [CoreFoundation+0x6fe75]  CFRunLoopRunSpecific+0x135
C  [HIToolbox+0x2ea0d]  RunCurrentEventLoopInMode+0xe2
C  [HIToolbox+0x2e7b7]  ReceiveNextEventCommon+0x1df
C  [HIToolbox+0x2e5bc]  _BlockUntilNextEventMatchingListInModeWithFilter+0x41
C  [AppKit+0x2424e]  _DPSNextEvent+0x59a
C  [AppKit+0x2389b]  -[NSApplication nextEventMatchingMask:untilDate:inMode:dequeue:]+0x7a
C  [libosxapp.dylib+0x242a]  -[NSApplicationAWT nextEventMatchingMask:untilDate:inMode:dequeue:]+0x7c
C  [AppKit+0x1799c]  -[NSApplication run]+0x229
C  [libosxapp.dylib+0x223e]  +[NSApplicationAWT runAWTLoopWithApp:]+0x9c
C  [libawt_lwawt.dylib+0x4494f]  -[AWTStarter starter:]+0x389
C  [Foundation+0x6313e]  __NSThreadPerformPerform+0xe5
C  [CoreFoundation+0x7f5b1]  __CFRUNLOOP_IS_CALLING_OUT_TO_A_SOURCE0_PERFORM_FUNCTION__+0x11
C  [CoreFoundation+0x70c62]  __CFRunLoopDoSources0+0xf2
C  [CoreFoundation+0x703ef]  __CFRunLoopRun+0x33f
C  [CoreFoundation+0x6fe75]  CFRunLoopRunSpecific+0x135
C  [java+0x56cc]  CreateExecutionEnvironment+0x367
C  [java+0x165c]  JLI_Launch+0x7a0
C  [java+0x768a]  main+0x65
C  [java+0xeb4]  start+0x34
C  0x0000000000000005


---------------  P R O C E S S  ---------------

Java Threads: ( => current thread )
  0x00007fbdb508b800 JavaThread "AWT-Shutdown" [_thread_blocked, id=28691, stack(0x00000001217e6000,0x00000001218e6000)]
  0x00007fbdb4015800 JavaThread "DestroyJavaVM" [_thread_blocked, id=6403, stack(0x000000010411d000,0x000000010421d000)]
  0x00007fbdb40d6800 JavaThread "LWJGL Application" [_thread_in_native, id=62723, stack(0x000000011f534000,0x000000011f634000)]
=>0x00007fbdb50de800 JavaThread "AppKit Thread" daemon [_thread_in_native, id=3335, stack(0x00007fff5cbb9000,0x00007fff5d3b9000)]
  0x00007fbdb5832800 JavaThread "Service Thread" daemon [_thread_blocked, id=19715, stack(0x000000011a79c000,0x000000011a89c000)]
  0x00007fbdb581f800 JavaThread "C1 CompilerThread2" daemon [_thread_blocked, id=19203, stack(0x000000011a699000,0x000000011a799000)]
  0x00007fbdb581f000 JavaThread "C2 CompilerThread1" daemon [_thread_blocked, id=18691, stack(0x000000011a596000,0x000000011a696000)]
  0x00007fbdb500f000 JavaThread "C2 CompilerThread0" daemon [_thread_blocked, id=18179, stack(0x000000011a493000,0x000000011a593000)]
  0x00007fbdb500d000 JavaThread "Signal Dispatcher" daemon [_thread_blocked, id=17667, stack(0x000000011a390000,0x000000011a490000)]
  0x00007fbdb402d800 JavaThread "Finalizer" daemon [_thread_blocked, id=12547, stack(0x000000011a142000,0x000000011a242000)]
  0x00007fbdb402d000 JavaThread "Reference Handler" daemon [_thread_blocked, id=12035, stack(0x000000011a03f000,0x000000011a13f000)]

Other Threads:
  0x00007fbdb4028800 VMThread [stack: 0x0000000119f3c000,0x000000011a03c000] [id=11523]
  0x00007fbdb5833000 WatcherThread [stack: 0x000000011a89f000,0x000000011a99f000] [id=20227]

VM state:not at safepoint (normal execution)

VM Mutex/Monitor currently owned by a thread: None

Heap:
 PSYoungGen      total 38400K, used 14998K [0x0000000795580000, 0x0000000798000000, 0x00000007c0000000)
  eden space 33280K, 45% used [0x0000000795580000,0x00000007964258c0,0x0000000797600000)
  from space 5120K, 0% used [0x0000000797b00000,0x0000000797b00000,0x0000000798000000)
  to   space 5120K, 0% used [0x0000000797600000,0x0000000797600000,0x0000000797b00000)
 ParOldGen       total 87552K, used 0K [0x0000000740000000, 0x0000000745580000, 0x0000000795580000)
  object space 87552K, 0% used [0x0000000740000000,0x0000000740000000,0x0000000745580000)
 Metaspace       used 7752K, capacity 7869K, committed 8064K, reserved 1056768K
  class space    used 750K, capacity 789K, committed 896K, reserved 1048576K

Card table byte_map: [0x00000001135df000,0x00000001139e0000] byte_map_base: 0x000000010fbdf000

Marking Bits: (ParMarkBitMap*) 0x0000000103a9d390
 Begin Bits: [0x0000000114097000, 0x0000000116097000)
 End Bits:   [0x0000000116097000, 0x0000000118097000)

Polling page: 0x000000010299d000

CodeCache: size=245760Kb used=2841Kb max_used=2852Kb free=242918Kb
 bounds [0x000000010421f000, 0x00000001044ef000, 0x000000011321f000]
 total_blobs=1172 nmethods=728 adapters=359
 compilation: enabled

Compilation events (10 events):
Event: 11.399 Thread 0x00007fbdb581f800 nmethod 723 0x00000001044e3350 code [0x00000001044e34c0, 0x00000001044e3670]
Event: 11.399 Thread 0x00007fbdb581f800  724       3       java.util.HashSet::isEmpty (8 bytes)
Event: 11.399 Thread 0x00007fbdb581f800 nmethod 724 0x00000001044e36d0 code [0x00000001044e3840, 0x00000001044e3ad0]
Event: 11.626 Thread 0x00007fbdb581f800  725       3       org.lwjgl.opengl.GL11::glDrawElements (38 bytes)
Event: 11.628 Thread 0x00007fbdb581f800 nmethod 725 0x00000001044e3b90 code [0x00000001044e3e00, 0x00000001044e4bf8]
Event: 11.895 Thread 0x00007fbdb581f800  726       3       java.util.Vector::elementData (7 bytes)
Event: 11.895 Thread 0x00007fbdb581f800 nmethod 726 0x00000001044e5410 code [0x00000001044e5580, 0x00000001044e5710]
Event: 11.895 Thread 0x00007fbdb581f800  727       1       java.lang.ThreadLocal::getMap (5 bytes)
Event: 11.895 Thread 0x00007fbdb581f800 nmethod 727 0x00000001044e5810 code [0x00000001044e5960, 0x00000001044e5a70]
Event: 11.899 Thread 0x00007fbdb581f000  728       4       java.nio.DirectByteBuffer::put (18 bytes)

GC Heap History (0 events):
No events

Deoptimization events (0 events):
No events

Internal exceptions (10 events):
Event: 7.948 Thread 0x00007fbdb40d6800 Exception <a 'java/security/PrivilegedActionException'> (0x0000000796342180) thrown at [/HUDSON3/workspace/8-2-build-macosx-x86_64/jdk8u25/1514/hotspot/src/share/vm/prims/jvm.cpp, line 1312]
Event: 7.949 Thread 0x00007fbdb40d6800 Exception <a 'java/security/PrivilegedActionException'> (0x000000079635c5e8) thrown at [/HUDSON3/workspace/8-2-build-macosx-x86_64/jdk8u25/1514/hotspot/src/share/vm/prims/jvm.cpp, line 1312]
Event: 7.949 Thread 0x00007fbdb40d6800 Exception <a 'java/security/PrivilegedActionException'> (0x0000000796360598) thrown at [/HUDSON3/workspace/8-2-build-macosx-x86_64/jdk8u25/1514/hotspot/src/share/vm/prims/jvm.cpp, line 1312]
Event: 8.291 Thread 0x00007fbdb40d6800 Exception <a 'java/security/PrivilegedActionException'> (0x0000000796370f10) thrown at [/HUDSON3/workspace/8-2-build-macosx-x86_64/jdk8u25/1514/hotspot/src/share/vm/prims/jvm.cpp, line 1312]
Event: 8.292 Thread 0x00007fbdb40d6800 Exception <a 'java/security/PrivilegedActionException'> (0x0000000796375000) thrown at [/HUDSON3/workspace/8-2-build-macosx-x86_64/jdk8u25/1514/hotspot/src/share/vm/prims/jvm.cpp, line 1312]
Event: 10.593 Thread 0x00007fbdb40d6800 Exception <a 'java/security/PrivilegedActionException'> (0x0000000796378fd0) thrown at [/HUDSON3/workspace/8-2-build-macosx-x86_64/jdk8u25/1514/hotspot/src/share/vm/prims/jvm.cpp, line 1312]
Event: 11.892 Thread 0x00007fbdb40d6800 Exception <a 'java/security/PrivilegedActionException'> (0x000000079637d3a8) thrown at [/HUDSON3/workspace/8-2-build-macosx-x86_64/jdk8u25/1514/hotspot/src/share/vm/prims/jvm.cpp, line 1312]
Event: 11.893 Thread 0x00007fbdb40d6800 Exception <a 'java/security/PrivilegedActionException'> (0x0000000796381660) thrown at [/HUDSON3/workspace/8-2-build-macosx-x86_64/jdk8u25/1514/hotspot/src/share/vm/prims/jvm.cpp, line 1312]
Event: 11.894 Thread 0x00007fbdb40d6800 Exception <a 'java/security/PrivilegedActionException'> (0x00000007963866d8) thrown at [/HUDSON3/workspace/8-2-build-macosx-x86_64/jdk8u25/1514/hotspot/src/share/vm/prims/jvm.cpp, line 1312]
Event: 11.898 Thread 0x00007fbdb40d6800 Exception <a 'java/security/PrivilegedActionException'> (0x000000079638c088) thrown at [/HUDSON3/workspace/8-2-build-macosx-x86_64/jdk8u25/1514/hotspot/src/share/vm/prims/jvm.cpp, line 1312]

Events (10 events):
Event: 11.892 loading class com/badlogic/gdx/backends/lwjgl/LwjglApplication$2
Event: 11.892 loading class com/badlogic/gdx/backends/lwjgl/LwjglApplication$2 done
Event: 11.893 loading class com/badlogic/gdx/utils/Array$ArrayIterable
Event: 11.893 loading class com/badlogic/gdx/utils/Array$ArrayIterable done
Event: 11.893 loading class com/badlogic/gdx/utils/Array$ArrayIterator
Event: 11.893 loading class com/badlogic/gdx/utils/Array$ArrayIterator done
Event: 11.894 loading class java/util/NoSuchElementException
Event: 11.894 loading class java/util/NoSuchElementException done
Event: 11.898 loading class org/lwjgl/opengl/CallbackUtil
Event: 11.898 loading class org/lwjgl/opengl/CallbackUtil done


Dynamic libraries:
0x0000000000157000 	/System/Library/Frameworks/Cocoa.framework/Versions/A/Cocoa
0x0000000000157000 	/System/Library/Frameworks/Security.framework/Versions/A/Security
0x0000000000157000 	/System/Library/Frameworks/ApplicationServices.framework/Versions/A/ApplicationServices
0x0000000000157000 	/usr/lib/libz.1.dylib
0x0000000000157000 	/usr/lib/libSystem.B.dylib
0x0000000000157000 	/usr/lib/libobjc.A.dylib
0x0000000000157000 	/System/Library/Frameworks/CoreFoundation.framework/Versions/A/CoreFoundation
0x0000000000157000 	/System/Library/Frameworks/Foundation.framework/Versions/C/Foundation
0x0000000000157000 	/System/Library/Frameworks/AppKit.framework/Versions/C/AppKit
0x0000000000157000 	/System/Library/Frameworks/CoreData.framework/Versions/A/CoreData
0x0000000000157000 	/System/Library/PrivateFrameworks/RemoteViewServices.framework/Versions/A/RemoteViewServices
0x0000000000157000 	/System/Library/Frameworks/AudioToolbox.framework/Versions/A/AudioToolbox
0x0000000000157000 	/System/Library/Frameworks/AudioUnit.framework/Versions/A/AudioUnit
0x0000000000157000 	/System/Library/PrivateFrameworks/DataDetectorsCore.framework/Versions/A/DataDetectorsCore
0x0000000000157000 	/System/Library/PrivateFrameworks/DesktopServicesPriv.framework/Versions/A/DesktopServicesPriv
0x0000000000157000 	/System/Library/Frameworks/Carbon.framework/Versions/A/Frameworks/HIToolbox.framework/Versions/A/HIToolbox
0x0000000000157000 	/System/Library/Frameworks/QuartzCore.framework/Versions/A/QuartzCore
0x0000000000157000 	/System/Library/Frameworks/Carbon.framework/Versions/A/Frameworks/SpeechRecognition.framework/Versions/A/SpeechRecognition
0x0000000000157000 	/usr/lib/libauto.dylib
0x0000000000157000 	/usr/lib/libicucore.A.dylib
0x0000000000157000 	/usr/lib/libxml2.2.dylib
0x0000000000157000 	/System/Library/PrivateFrameworks/CoreUI.framework/Versions/A/CoreUI
0x0000000000157000 	/System/Library/Frameworks/CoreAudio.framework/Versions/A/CoreAudio
0x0000000000157000 	/System/Library/Frameworks/DiskArbitration.framework/Versions/A/DiskArbitration
0x0000000000157000 	/usr/lib/liblangid.dylib
0x0000000000157000 	/System/Library/PrivateFrameworks/MultitouchSupport.framework/Versions/A/MultitouchSupport
0x0000000000157000 	/System/Library/Frameworks/IOKit.framework/Versions/A/IOKit
0x0000000000157000 	/usr/lib/libDiagnosticMessagesClient.dylib
0x0000000000157000 	/System/Library/Frameworks/CoreServices.framework/Versions/A/CoreServices
0x0000000000157000 	/System/Library/PrivateFrameworks/PerformanceAnalysis.framework/Versions/A/PerformanceAnalysis
0x0000000000157000 	/System/Library/PrivateFrameworks/GenerationalStorage.framework/Versions/A/GenerationalStorage
0x0000000000157000 	/System/Library/Frameworks/OpenGL.framework/Versions/A/OpenGL
0x0000000000157000 	/System/Library/PrivateFrameworks/Sharing.framework/Versions/A/Sharing
0x0000000000157000 	/System/Library/Frameworks/ImageIO.framework/Versions/A/ImageIO
0x0000000000157000 	/System/Library/Frameworks/CoreText.framework/Versions/A/CoreText
0x0000000000157000 	/System/Library/Frameworks/CoreGraphics.framework/Versions/A/CoreGraphics
0x0000000000157000 	/System/Library/PrivateFrameworks/Backup.framework/Versions/A/Backup
0x0000000000157000 	/System/Library/Frameworks/CFNetwork.framework/Versions/A/CFNetwork
0x0000000000157000 	/System/Library/Frameworks/SystemConfiguration.framework/Versions/A/SystemConfiguration
0x0000000000157000 	/usr/lib/libCRFSuite.dylib
0x0000000000157000 	/usr/lib/libc++.1.dylib
0x0000000000157000 	/usr/lib/libc++abi.dylib
0x0000000000157000 	/usr/lib/system/libcache.dylib
0x0000000000157000 	/usr/lib/system/libcommonCrypto.dylib
0x0000000000157000 	/usr/lib/system/libcompiler_rt.dylib
0x0000000000157000 	/usr/lib/system/libcopyfile.dylib
0x0000000000157000 	/usr/lib/system/libcorecrypto.dylib
0x0000000000157000 	/usr/lib/system/libdispatch.dylib
0x0000000000157000 	/usr/lib/system/libdyld.dylib
0x0000000000157000 	/usr/lib/system/libkeymgr.dylib
0x0000000000157000 	/usr/lib/system/liblaunch.dylib
0x0000000000157000 	/usr/lib/system/libmacho.dylib
0x0000000000157000 	/usr/lib/system/libquarantine.dylib
0x0000000000157000 	/usr/lib/system/libremovefile.dylib
0x0000000000157000 	/usr/lib/system/libsystem_asl.dylib
0x0000000000157000 	/usr/lib/system/libsystem_blocks.dylib
0x0000000000157000 	/usr/lib/system/libsystem_c.dylib
0x0000000000157000 	/usr/lib/system/libsystem_configuration.dylib
0x0000000000157000 	/usr/lib/system/libsystem_dnssd.dylib
0x0000000000157000 	/usr/lib/system/libsystem_info.dylib
0x0000000000157000 	/usr/lib/system/libsystem_kernel.dylib
0x0000000000157000 	/usr/lib/system/libsystem_m.dylib
0x0000000000157000 	/usr/lib/system/libsystem_malloc.dylib
0x0000000000157000 	/usr/lib/system/libsystem_network.dylib
0x0000000000157000 	/usr/lib/system/libsystem_notify.dylib
0x0000000000157000 	/usr/lib/system/libsystem_platform.dylib
0x0000000000157000 	/usr/lib/system/libsystem_pthread.dylib
0x0000000000157000 	/usr/lib/system/libsystem_sandbox.dylib
0x0000000000157000 	/usr/lib/system/libsystem_stats.dylib
0x0000000000157000 	/usr/lib/system/libunc.dylib
0x0000000000157000 	/usr/lib/system/libunwind.dylib
0x0000000000157000 	/usr/lib/system/libxpc.dylib
0x0000000000157000 	/usr/lib/libbsm.0.dylib
0x0000000000157000 	/usr/lib/libsqlite3.dylib
0x0000000000157000 	/usr/lib/libxar.1.dylib
0x0000000000157000 	/usr/lib/libpam.2.dylib
0x0000000000157000 	/usr/lib/libOpenScriptingUtil.dylib
0x0000000000157000 	/usr/lib/libbz2.1.0.dylib
0x0000000000157000 	/System/Library/Frameworks/CoreServices.framework/Versions/A/Frameworks/CarbonCore.framework/Versions/A/CarbonCore
0x0000000000157000 	/System/Library/Frameworks/CoreServices.framework/Versions/A/Frameworks/Metadata.framework/Versions/A/Metadata
0x0000000000157000 	/System/Library/Frameworks/CoreServices.framework/Versions/A/Frameworks/OSServices.framework/Versions/A/OSServices
0x0000000000157000 	/System/Library/Frameworks/CoreServices.framework/Versions/A/Frameworks/SearchKit.framework/Versions/A/SearchKit
0x0000000000157000 	/System/Library/Frameworks/CoreServices.framework/Versions/A/Frameworks/AE.framework/Versions/A/AE
0x0000000000157000 	/System/Library/Frameworks/CoreServices.framework/Versions/A/Frameworks/LaunchServices.framework/Versions/A/LaunchServices
0x0000000000157000 	/System/Library/Frameworks/CoreServices.framework/Versions/A/Frameworks/DictionaryServices.framework/Versions/A/DictionaryServices
0x0000000000157000 	/System/Library/Frameworks/NetFS.framework/Versions/A/NetFS
0x0000000000157000 	/usr/lib/system/libkxld.dylib
0x0000000000157000 	/System/Library/PrivateFrameworks/NetAuth.framework/Versions/A/NetAuth
0x0000000000157000 	/System/Library/PrivateFrameworks/TCC.framework/Versions/A/TCC
0x0000000000157000 	/System/Library/Frameworks/OpenDirectory.framework/Versions/A/Frameworks/CFOpenDirectory.framework/Versions/A/CFOpenDirectory
0x0000000000157000 	/System/Library/Frameworks/ServiceManagement.framework/Versions/A/ServiceManagement
0x0000000000157000 	/usr/lib/libxslt.1.dylib
0x0000000000157000 	/System/Library/Frameworks/Carbon.framework/Versions/A/Frameworks/Ink.framework/Versions/A/Ink
0x0000000000157000 	/System/Library/Frameworks/ApplicationServices.framework/Versions/A/Frameworks/ATS.framework/Versions/A/ATS
0x0000000000157000 	/System/Library/Frameworks/ApplicationServices.framework/Versions/A/Frameworks/ColorSync.framework/Versions/A/ColorSync
0x0000000000157000 	/System/Library/Frameworks/ApplicationServices.framework/Versions/A/Frameworks/HIServices.framework/Versions/A/HIServices
0x0000000000157000 	/System/Library/Frameworks/ApplicationServices.framework/Versions/A/Frameworks/LangAnalysis.framework/Versions/A/LangAnalysis
0x0000000000157000 	/System/Library/Frameworks/ApplicationServices.framework/Versions/A/Frameworks/PrintCore.framework/Versions/A/PrintCore
0x0000000000157000 	/System/Library/Frameworks/ApplicationServices.framework/Versions/A/Frameworks/QD.framework/Versions/A/QD
0x0000000000157000 	/System/Library/Frameworks/ApplicationServices.framework/Versions/A/Frameworks/SpeechSynthesis.framework/Versions/A/SpeechSynthesis
0x0000000000157000 	/System/Library/Frameworks/IOSurface.framework/Versions/A/IOSurface
0x0000000000157000 	/System/Library/Frameworks/Accelerate.framework/Versions/A/Accelerate
0x0000000000157000 	/System/Library/Frameworks/Accelerate.framework/Versions/A/Frameworks/vImage.framework/Versions/A/vImage
0x0000000000157000 	/System/Library/Frameworks/Accelerate.framework/Versions/A/Frameworks/vecLib.framework/Versions/A/vecLib
0x0000000000157000 	/System/Library/Frameworks/Accelerate.framework/Versions/A/Frameworks/vecLib.framework/Versions/A/libvDSP.dylib
0x0000000000157000 	/System/Library/Frameworks/Accelerate.framework/Versions/A/Frameworks/vecLib.framework/Versions/A/libvMisc.dylib
0x0000000000157000 	/System/Library/Frameworks/Accelerate.framework/Versions/A/Frameworks/vecLib.framework/Versions/A/libLAPACK.dylib
0x0000000000157000 	/System/Library/Frameworks/Accelerate.framework/Versions/A/Frameworks/vecLib.framework/Versions/A/libBLAS.dylib
0x0000000000157000 	/System/Library/Frameworks/ApplicationServices.framework/Versions/A/Frameworks/ATS.framework/Versions/A/Resources/libFontParser.dylib
0x0000000000157000 	/System/Library/Frameworks/ApplicationServices.framework/Versions/A/Frameworks/ATS.framework/Versions/A/Resources/libFontRegistry.dylib
0x0000000000157000 	/System/Library/Frameworks/ImageIO.framework/Versions/A/Resources/libJPEG.dylib
0x0000000000157000 	/System/Library/Frameworks/ImageIO.framework/Versions/A/Resources/libTIFF.dylib
0x0000000000157000 	/System/Library/Frameworks/ImageIO.framework/Versions/A/Resources/libPng.dylib
0x0000000000157000 	/System/Library/Frameworks/ImageIO.framework/Versions/A/Resources/libGIF.dylib
0x0000000000157000 	/System/Library/Frameworks/ImageIO.framework/Versions/A/Resources/libJP2.dylib
0x0000000000157000 	/System/Library/Frameworks/ImageIO.framework/Versions/A/Resources/libRadiance.dylib
0x0000000000157000 	/usr/lib/libcups.2.dylib
0x0000000000157000 	/System/Library/Frameworks/Kerberos.framework/Versions/A/Kerberos
0x0000000000157000 	/System/Library/Frameworks/GSS.framework/Versions/A/GSS
0x0000000000157000 	/usr/lib/libresolv.9.dylib
0x0000000000157000 	/usr/lib/libiconv.2.dylib
0x0000000000157000 	/System/Library/PrivateFrameworks/Heimdal.framework/Versions/A/Heimdal
0x0000000000157000 	/System/Library/PrivateFrameworks/TrustEvaluationAgent.framework/Versions/A/TrustEvaluationAgent
0x0000000000157000 	/usr/lib/libheimdal-asn1.dylib
0x0000000000157000 	/System/Library/Frameworks/OpenDirectory.framework/Versions/A/OpenDirectory
0x0000000000157000 	/System/Library/PrivateFrameworks/CommonAuth.framework/Versions/A/CommonAuth
0x0000000000157000 	/System/Library/Frameworks/SecurityFoundation.framework/Versions/A/SecurityFoundation
0x0000000000157000 	/System/Library/PrivateFrameworks/Bom.framework/Versions/A/Bom
0x0000000000157000 	/System/Library/Frameworks/CoreVideo.framework/Versions/A/CoreVideo
0x0000000000157000 	/System/Library/Frameworks/QuartzCore.framework/Versions/A/Frameworks/CoreImage.framework/Versions/A/CoreImage
0x0000000000157000 	/System/Library/Frameworks/QuartzCore.framework/Versions/A/Frameworks/ScalableUserInterface.framework/Versions/A/ScalableUserInterface
0x0000000000157000 	/System/Library/Frameworks/OpenGL.framework/Versions/A/Libraries/libGLU.dylib
0x0000000000157000 	/System/Library/Frameworks/OpenGL.framework/Versions/A/Libraries/libGFXShared.dylib
0x0000000000157000 	/System/Library/Frameworks/OpenGL.framework/Versions/A/Libraries/libGL.dylib
0x0000000000157000 	/System/Library/Frameworks/OpenGL.framework/Versions/A/Libraries/libGLImage.dylib
0x0000000000157000 	/System/Library/Frameworks/OpenGL.framework/Versions/A/Libraries/libCVMSPluginSupport.dylib
0x0000000000157000 	/System/Library/Frameworks/OpenGL.framework/Versions/A/Libraries/libCoreVMClient.dylib
0x0000000000157000 	/System/Library/PrivateFrameworks/FaceCore.framework/Versions/A/FaceCore
0x0000000000157000 	/System/Library/PrivateFrameworks/CrashReporterSupport.framework/Versions/A/CrashReporterSupport
0x0000000000157000 	/System/Library/Frameworks/OpenCL.framework/Versions/A/OpenCL
0x0000000000157000 	/System/Library/PrivateFrameworks/AppleFSCompression.framework/Versions/A/AppleFSCompression
0x0000000000157000 	/System/Library/PrivateFrameworks/Ubiquity.framework/Versions/A/Ubiquity
0x0000000000157000 	/System/Library/PrivateFrameworks/IconServices.framework/Versions/A/IconServices
0x0000000000157000 	/System/Library/PrivateFrameworks/ChunkingLibrary.framework/Versions/A/ChunkingLibrary
0x0000000000157000 	/System/Library/PrivateFrameworks/CoreSymbolication.framework/Versions/A/CoreSymbolication
0x0000000000157000 	/System/Library/PrivateFrameworks/Symbolication.framework/Versions/A/Symbolication
0x0000000000157000 	/System/Library/PrivateFrameworks/DebugSymbols.framework/Versions/A/DebugSymbols
0x0000000103200000 	/Library/Java/JavaVirtualMachines/jdk1.8.0_25.jdk/Contents/Home/jre/lib/server/libjvm.dylib
0x0000000000157000 	/usr/lib/libstdc++.6.dylib
0x000000010295b000 	/Library/Java/JavaVirtualMachines/jdk1.8.0_25.jdk/Contents/Home/jre/lib/libverify.dylib
0x0000000102969000 	/Library/Java/JavaVirtualMachines/jdk1.8.0_25.jdk/Contents/Home/jre/lib/libjava.dylib
0x00000001029a7000 	/Library/Java/JavaVirtualMachines/jdk1.8.0_25.jdk/Contents/Home/jre/lib/libzip.dylib
0x000000011a244000 	/System/Library/Frameworks/JavaVM.framework/Frameworks/JavaRuntimeSupport.framework/JavaRuntimeSupport
0x000000011a25c000 	/System/Library/Frameworks/JavaVM.framework/Versions/A/Frameworks/JavaNativeFoundation.framework/Versions/A/JavaNativeFoundation
0x000000011a270000 	/System/Library/Frameworks/JavaVM.framework/Versions/A/JavaVM
0x0000000000157000 	/System/Library/Frameworks/Carbon.framework/Versions/A/Carbon
0x000000011a27c000 	/System/Library/PrivateFrameworks/JavaLaunching.framework/Versions/A/JavaLaunching
0x0000000000157000 	/System/Library/Frameworks/Carbon.framework/Versions/A/Frameworks/CommonPanels.framework/Versions/A/CommonPanels
0x0000000000157000 	/System/Library/Frameworks/Carbon.framework/Versions/A/Frameworks/Help.framework/Versions/A/Help
0x0000000000157000 	/System/Library/Frameworks/Carbon.framework/Versions/A/Frameworks/ImageCapture.framework/Versions/A/ImageCapture
0x0000000000157000 	/System/Library/Frameworks/Carbon.framework/Versions/A/Frameworks/OpenScripting.framework/Versions/A/OpenScripting
0x0000000000157000 	/System/Library/Frameworks/Carbon.framework/Versions/A/Frameworks/Print.framework/Versions/A/Print
0x0000000000157000 	/System/Library/Frameworks/Carbon.framework/Versions/A/Frameworks/SecurityHI.framework/Versions/A/SecurityHI
0x000000011aa0f000 	/private/var/folders/q2/lsgh6vn11rn6yfdhtz3sgz440000gn/T/libgdxPeter/d8ae55ed/libgdx64.dylib
0x000000011aa58000 	/Library/Java/JavaVirtualMachines/jdk1.8.0_25.jdk/Contents/Home/jre/lib/libawt.dylib
0x000000011ab07000 	/Library/Java/JavaVirtualMachines/jdk1.8.0_25.jdk/Contents/Home/jre/lib/./libmlib_image.dylib
0x000000011abd3000 	/Library/Java/JavaVirtualMachines/jdk1.8.0_25.jdk/Contents/Home/jre/lib/libawt_lwawt.dylib
0x000000011ac86000 	/Library/Java/JavaVirtualMachines/jdk1.8.0_25.jdk/Contents/Home/jre/lib/./libosxapp.dylib
0x0000000000157000 	/System/Library/Frameworks/ExceptionHandling.framework/Versions/A/ExceptionHandling
0x0000000000157000 	/System/Library/PrivateFrameworks/CoreServicesInternal.framework/Versions/A/CoreServicesInternal
0x0000000000157000 	/System/Library/PrivateFrameworks/Librarian.framework/Versions/A/Librarian
0x0000000000157000 	/System/Library/Frameworks/CoreGraphics.framework/Versions/A/Resources/libCGCMS.A.dylib
0x0000000000157000 	/System/Library/Frameworks/CoreGraphics.framework/Versions/A/Resources/libRIP.A.dylib
0x0000000000157000 	/System/Library/Frameworks/CoreGraphics.framework/Versions/A/Resources/libCGXType.A.dylib
0x0000000000157000 	/System/Library/PrivateFrameworks/FamilyControls.framework/Versions/A/FamilyControls
0x0000000000157000 	/System/Library/PrivateFrameworks/CommerceKit.framework/Versions/A/Frameworks/CommerceCore.framework/Versions/A/CommerceCore
0x0000000000157000 	/System/Library/PrivateFrameworks/SystemAdministration.framework/Versions/A/SystemAdministration
0x0000000000157000 	/System/Library/Frameworks/DirectoryService.framework/Versions/A/DirectoryService
0x0000000000157000 	/System/Library/PrivateFrameworks/DiskImages.framework/Versions/A/DiskImages
0x0000000000157000 	/System/Library/PrivateFrameworks/LoginUIKit.framework/Versions/A/Frameworks/LoginUICore.framework/Versions/A/LoginUICore
0x0000000000157000 	/usr/lib/libCoreStorage.dylib
0x0000000000157000 	/usr/lib/libcsfde.dylib
0x0000000000157000 	/usr/lib/libodfde.dylib
0x0000000000157000 	/System/Library/Frameworks/DiscRecording.framework/Versions/A/DiscRecording
0x0000000000157000 	/usr/lib/libcurl.4.dylib
0x0000000000157000 	/System/Library/PrivateFrameworks/MediaKit.framework/Versions/A/MediaKit
0x0000000000157000 	/System/Library/PrivateFrameworks/EFILogin.framework/Versions/A/EFILogin
0x0000000000157000 	/usr/lib/libutil.dylib
0x0000000000157000 	/System/Library/PrivateFrameworks/AOSNotification.framework/Versions/A/AOSNotification
0x0000000000157000 	/System/Library/Frameworks/LDAP.framework/Versions/A/LDAP
0x0000000000157000 	/usr/lib/libsasl2.2.dylib
0x0000000000157000 	/usr/lib/libcrypto.0.9.8.dylib
0x0000000000157000 	/usr/lib/libssl.0.9.8.dylib
0x000000011f08f000 	/Library/Java/JavaVirtualMachines/jdk1.8.0_25.jdk/Contents/Home/jre/lib/libfontmanager.dylib
0x000000011f0f6000 	/private/var/folders/q2/lsgh6vn11rn6yfdhtz3sgz440000gn/T/libgdxPeter/f7649394/liblwjgl.dylib
0x000000011c5bb000 	/Library/Java/JavaVirtualMachines/jdk1.8.0_25.jdk/Contents/Home/jre/lib/libjawt.dylib
0x000000011f178000 	/var/folders/q2/lsgh6vn11rn6yfdhtz3sgz440000gn/T/libgdxPeter/f7649394/openal.dylib
0x000000011f1e7000 	/System/Library/Components/CoreAudio.component/Contents/MacOS/CoreAudio
0x000000011d708000 	/System/Library/Extensions/AppleHDA.kext/Contents/PlugIns/AppleHDAHALPlugIn.bundle/Contents/MacOS/AppleHDAHALPlugIn
0x0000000000157000 	/System/Library/Frameworks/OpenGL.framework/Versions/A/Resources/GLEngine.bundle/GLEngine
0x0000000000157000 	/System/Library/Frameworks/OpenGL.framework/Versions/A/Libraries/libGLProgrammability.dylib
0x0000000000000000 	/System/Library/Extensions/AppleIntelHD5000GraphicsGLDriver.bundle/Contents/MacOS/AppleIntelHD5000GraphicsGLDriver
0x0000000000157000 	/System/Library/PrivateFrameworks/IOAccelerator.framework/Versions/A/IOAccelerator
0x0000000000157000 	/System/Library/PrivateFrameworks/GPUSupport.framework/Versions/A/Libraries/libGPUSupportMercury.dylib
0x0000000000157000 	/System/Library/Frameworks/OpenGL.framework/Versions/A/Resources/GLRendererFloat.bundle/GLRendererFloat
0x0000000000157000 	/System/Library/Frameworks/OpenCL.framework/Versions/A/Libraries/libcldcpuengine.dylib
0x000000011fa3f000 	cl_kernels
0x0000000120a8e000 	/System/Library/Frameworks/OpenCL.framework/Versions/A/Libraries/ImageFormats/unorm8_bgra.dylib
0x0000000120bc9000 	cl_kernels
0x0000000120bce000 	cl_kernels
0x0000000120bd3000 	cl_kernels
0x0000000120bd6000 	/System/Library/Frameworks/OpenCL.framework/Versions/A/Libraries/ImageFormats/unorm8_argb.dylib

VM Arguments:
jvm_args: -Dfile.encoding=UTF-8 
java_command: com.running.game.desktop.DesktopLauncher
java_class_path (initial): /Users/Peter/Documents/RunningGame/desktop/bin:/Users/Peter/.gradle/caches/modules-2/files-2.1/com.badlogicgames.gdx/gdx-backend-headless/1.6.0/e3b6e279e35f7695c4ea996b1f9480aa3b781ca1/gdx-backend-headless-1.6.0.jar:/Users/Peter/.gradle/caches/modules-2/files-2.1/com.badlogicgames.gdx/gdx-backend-lwjgl/1.6.0/442f452a2e78c2e67be9c91138c279044617dd48/gdx-backend-lwjgl-1.6.0.jar:/Users/Peter/.gradle/caches/modules-2/files-2.1/com.badlogicgames.gdx/gdx-box2d-platform/1.6.0/2114196ccdeb48354fed7bb88fd394cb9220cb85/gdx-box2d-platform-1.6.0-natives-desktop.jar:/Users/Peter/.gradle/caches/modules-2/files-2.1/com.badlogicgames.gdx/gdx-controllers-desktop/1.6.0/4e3dd93de32054b33be1bbfadf4ff5eae853f47a/gdx-controllers-desktop-1.6.0.jar:/Users/Peter/.gradle/caches/modules-2/files-2.1/com.badlogicgames.gdx/gdx-controllers-platform/1.6.0/dd6a099c5c855831f6022958c68df253ab3e7e2f/gdx-controllers-platform-1.6.0-natives-desktop.jar:/Users/Peter/.gradle/caches/modules-2/files-2.1/com.badlogicgames.gdx/gdx-controllers/1.6.0/cb4f84dbd8f8d06800b3e6b2ee4c9e557c0df994/gdx-controllers-1.6.0.jar:/Users/Peter/.gradle/caches/modules-2/files-2.1/com.badlogicgames.gdx/gdx-platform/1.6.0/276722e4fa28b31548cbca11c382af1c4e0cf690/gdx-platform-1.6.0-natives-desktop.jar:/Users/Peter/.gradle/caches/modules-2/files-2.1/com.badlogicgames.gdx/gdx-tools/1.6.0/a56b8e45b118239787c8fc1dff383b8201450d7d/gdx-tools-1.6.0.jar:/Users/Peter/.gradle/caches/modules-2/files-2.1/com.badlogicgames.gdx/gdx/1.6.0/b7ac8e495b4e4828a30fa97654a17bdfb9f93734/gdx-1.6.0.jar:/Users/Peter/.gradle/caches/modules-2/files-2.1/com.badlogicgames.jlayer/jlayer/1.0.1-gdx/7cca83cec5c1b2f011362f4d85aabd71a73b049d/jlayer-1.0.1-gdx.jar:/Users/Peter/.gradle/caches/modules-2/files-2.1/net.java.jinput/jinput-platform/2.0.5/385ee093e01f587f30ee1c8a2ee7d408fd732e16/jinput-platform-2.0.5-natives-windows.jar:/Users/Peter/.gradle/caches/modules-2/files-2.1/net.java.jinput/jinput-platform/2.0.5/53f9c919f34d2ca9de8c51fc4e
Launcher Type: SUN_STANDARD

Environment Variables:
PATH=/usr/bin:/bin:/usr/sbin:/sbin
SHELL=/bin/bash
DISPLAY=/tmp/launch-Sm9HBm/org.macosforge.xquartz:0

Signal Handlers:
SIGSEGV: [libjvm.dylib+0x579dc7], sa_mask[0]=11111111011111110111111111111111, sa_flags=SA_ONSTACK|SA_RESTART|SA_SIGINFO
SIGBUS: [libjvm.dylib+0x579dc7], sa_mask[0]=11111111011111110111111111111111, sa_flags=SA_RESTART|SA_SIGINFO
SIGFPE: [libjvm.dylib+0x45b030], sa_mask[0]=11111111011111110111111111111111, sa_flags=SA_RESTART|SA_SIGINFO
SIGPIPE: [libjvm.dylib+0x45b030], sa_mask[0]=11111111011111110111111111111111, sa_flags=SA_RESTART|SA_SIGINFO
SIGXFSZ: [libjvm.dylib+0x45b030], sa_mask[0]=11111111011111110111111111111111, sa_flags=SA_RESTART|SA_SIGINFO
SIGILL: [libjvm.dylib+0x45b030], sa_mask[0]=11111111011111110111111111111111, sa_flags=SA_RESTART|SA_SIGINFO
SIGUSR1: SIG_DFL, sa_mask[0]=00000000000000000000000000000000, sa_flags=SA_RESTART
SIGUSR2: [libjvm.dylib+0x45ab4e], sa_mask[0]=00100000000000000000000000000000, sa_flags=SA_RESTART|SA_SIGINFO
SIGHUP: [libjvm.dylib+0x459121], sa_mask[0]=11111111011111110111111111111111, sa_flags=SA_RESTART|SA_SIGINFO
SIGINT: [libjvm.dylib+0x459121], sa_mask[0]=11111111011111110111111111111111, sa_flags=SA_RESTART|SA_SIGINFO
SIGTERM: [libjvm.dylib+0x459121], sa_mask[0]=11111111011111110111111111111111, sa_flags=SA_RESTART|SA_SIGINFO
SIGQUIT: [libjvm.dylib+0x459121], sa_mask[0]=11111111011111110111111111111111, sa_flags=SA_RESTART|SA_SIGINFO


---------------  S Y S T E M  ---------------

OS:Bsduname:Darwin 13.3.0 Darwin Kernel Version 13.3.0: Tue Jun  3 21:27:35 PDT 2014; root:xnu-2422.110.17~1/RELEASE_X86_64 x86_64
rlimit: STACK 8192k, CORE 0k, NPROC 709, NOFILE 10240, AS infinity
load average:3.56 3.53 3.99

CPU:total 4 (2 cores per cpu, 2 threads per core) family 6 model 69 stepping 1, cmov, cx8, fxsr, mmx, sse, sse2, sse3, ssse3, sse4.1, sse4.2, popcnt, avx, avx2, aes, clmul, erms, lzcnt, ht, tsc, tscinvbit, bmi1, bmi2

Memory: 4k page, physical 8388608k(21828k free)

/proc/meminfo:


vm_info: Java HotSpot(TM) 64-Bit Server VM (25.25-b02) for bsd-amd64 JRE (1.8.0_25-b17), built on Sep 17 2014 16:56:50 by "java_re" with gcc 4.2.1 (Based on Apple Inc. build 5658) (LLVM build 2336.11.00)

time: Mon May 25 17:43:28 2015
elapsed time: 11 seconds (0d 0h 0m 11s)

