#
# A fatal error has been detected by the Java Runtime Environment:
#
#  SIGSEGV (0xb) at pc=0x00007fff879be097, pid=17226, tid=3335
#
# JRE version: Java(TM) SE Runtime Environment (8.0_25-b17) (build 1.8.0_25-b17)
# Java VM: Java HotSpot(TM) 64-Bit Server VM (25.25-b02 mixed mode bsd-amd64 compressed oops)
# Problematic frame:
# C  [libobjc.A.dylib+0x5097]  objc_msgSend+0x17
#
# Failed to write core dump. Core dumps have been disabled. To enable core dumping, try "ulimit -c unlimited" before starting Java again
#
# If you would like to submit a bug report, please visit:
#   http://bugreport.sun.com/bugreport/crash.jsp
# The crash happened outside the Java Virtual Machine in native code.
# See problematic frame for where to report the bug.
#

---------------  T H R E A D  ---------------

Current thread (0x00007fd37b900000):  JavaThread "AppKit Thread" daemon [_thread_in_native, id=3335, stack(0x00007fff5ed5d000,0x00007fff5f55d000)]

siginfo: si_signo: 11 (SIGSEGV), si_code: 1 (SEGV_MAPERR), si_addr: 0x00000000beb00018

Registers:
RAX=0x00007fd37ae92210, RBX=0x00000000000f42ee, RCX=0x0000000000000000, RDX=0x00007fd37ae91740
RSP=0x00007fff5f5577b8, RBP=0x00007fff5f5577c0, RSI=0x00007fff8ed3ab9f, RDI=0x00007fd37ae92210
R8 =0x0000000000000040, R9 =0x00007fff5f557700, R10=0x00007fff8ed3ab9f, R11=0x00000000beb00000
R12=0x00000000000f42ee, R13=0x00007fff5f557988, R14=0x00007fd37ad459b0, R15=0x00007fff5f5578e8
RIP=0x00007fff879be097, EFLAGS=0x0000000000010246, ERR=0x0000000000000004
  TRAPNO=0x000000000000000e

Top of Stack: (sp=0x00007fff5f5577b8)
0x00007fff5f5577b8:   00007fff81b89e0c 00007fff5f557b20
0x00007fff5f5577c8:   00007fff81a7d82d 0000000000000003
0x00007fff5f5577d8:   00000001006bfa00 00007fff5f557820
0x00007fff5f5577e8:   00007fff89af7272 0000000000000798
0x00007fff5f5577f8:   00000000000f42f0 0000000000000002
0x00007fff5f557808:   00007fd37ad7f2f0 00007fd37ad7b840
0x00007fff5f557818:   00007fd37ac15e40 00007fd37ae91740
0x00007fff5f557828:   00007fff5f5578e0 0000000000000000
0x00007fff5f557838:   00000000000f42ee 0000000000000051
0x00007fff5f557848:   00007fff5f557960 0000000000000000
0x00007fff5f557858:   0000000000000001 00007fd37ac15e30
0x00007fff5f557868:   000000000000004f 000000000018b00c
0x00007fff5f557878:   0000010000000000 00007fff71647a60
0x00007fff5f557888:   00002060003626ea ff80000000001000
0x00007fff5f557898:   0000000000000000 00007fff5f557978
0x00007fff5f5578a8:   00007fff5f557958 00007fff71647a48
0x00007fff5f5578b8:   0000000000000000 0000000000000011
0x00007fff5f5578c8:   00007fff853626ea 00007fff73905d38
0x00007fff5f5578d8:   0000000000000000 00007fd37ad7f370
0x00007fff5f5578e8:   00007fd37ad459b0 00007fff82827b08
0x00007fff5f5578f8:   0000000000000000 00007fff5f5579c0
0x00007fff5f557908:   00007fff83dc8dde 00007fff713e50d0
0x00007fff5f557918:   0000000042000000 00007fff83dd11d1
0x00007fff5f557928:   00007fff71623b40 00007fff5f557a28
0x00007fff5f557938:   00007fff5f557958 00007fff5f557978
0x00007fff5f557948:   0000000000000000 00000001006bc001
0x00007fff5f557958:   0000000000000000 000000000000004d
0x00007fff5f557968:   0000000000000000 00000000000f42e5
0x00007fff5f557978:   000000000000004f 0000000000000000
0x00007fff5f557988:   00000000000f42ee 000000015f557a30
0x00007fff5f557998:   00007fff85363261 00007fff71eb8748
0x00007fff5f5579a8:   00007fff71eb874c 0000000071eb41b8 

Instructions: (pc=0x00007fff879be097)
0x00007fff879be077:   90 90 90 90 90 90 90 90 90 48 85 ff 2e 74 72 40
0x00007fff879be087:   f6 c7 01 2e 0f 85 7e 00 00 00 4c 8b 1f 49 89 f2
0x00007fff879be097:   45 23 53 18 49 c1 e2 04 4d 03 53 10 49 3b 32 75
0x00007fff879be0a7:   04 41 ff 62 08 49 83 3a 00 74 74 4d 3b 53 10 74 

Register to memory mapping:

RAX=0x00007fd37ae92210 is an unknown value
RBX=0x00000000000f42ee is an unknown value
RCX=0x0000000000000000 is an unknown value
RDX=0x00007fd37ae91740 is an unknown value
RSP=0x00007fff5f5577b8 is pointing into the stack for thread: 0x00007fd37b900000
RBP=0x00007fff5f5577c0 is pointing into the stack for thread: 0x00007fd37b900000
RSI=0x00007fff8ed3ab9f: NSAppKitVersionNumber+0x5358f in /System/Library/Frameworks/AppKit.framework/Versions/C/AppKit at 0x00007fff8e297000
RDI=0x00007fd37ae92210 is an unknown value
R8 =0x0000000000000040 is an unknown value
R9 =0x00007fff5f557700 is pointing into the stack for thread: 0x00007fd37b900000
R10=0x00007fff8ed3ab9f: NSAppKitVersionNumber+0x5358f in /System/Library/Frameworks/AppKit.framework/Versions/C/AppKit at 0x00007fff8e297000
R11=0x00000000beb00000 is an unknown value
R12=0x00000000000f42ee is an unknown value
R13=0x00007fff5f557988 is pointing into the stack for thread: 0x00007fd37b900000
R14=0x00007fd37ad459b0 is an unknown value
R15=0x00007fff5f5578e8 is pointing into the stack for thread: 0x00007fd37b900000


Stack: [0x00007fff5ed5d000,0x00007fff5f55d000],  sp=0x00007fff5f5577b8,  free space=8169k
Native frames: (J=compiled Java code, j=interpreted, Vv=VM code, C=native code)
C  [libobjc.A.dylib+0x5097]  objc_msgSend+0x17
C  [CoreFoundation+0x1082d]  _CFXNotificationPost+0xb4d
C  [Foundation+0x27ba]  -[NSNotificationCenter postNotificationName:object:userInfo:]+0x44
C  [AppKit+0x10f5a9]  -[NSSurface _disposeSurface]+0x98
C  [AppKit+0x10f045]  -[NSSurface setWindow:]+0x46
C  [AppKit+0x3af27]  -[NSView _setWindow:]+0x8ea
C  [AppKit+0x3bf7a]  -[NSView removeFromSuperview]+0x15e
C  [AppKit+0x986e9]  -[NSView removeFromSuperviewWithoutNeedingDisplay]+0x26
C  [liblwjgl.dylib+0xa205]  +[MacOSXKeyableWindow destroyWindow]+0xb5
C  [Foundation+0x6313e]  __NSThreadPerformPerform+0xe5
C  [CoreFoundation+0x7f5b1]  __CFRUNLOOP_IS_CALLING_OUT_TO_A_SOURCE0_PERFORM_FUNCTION__+0x11
C  [CoreFoundation+0x70c62]  __CFRunLoopDoSources0+0xf2
C  [CoreFoundation+0x703ef]  __CFRunLoopRun+0x33f
C  [CoreFoundation+0x6fe75]  CFRunLoopRunSpecific+0x135
C  [HIToolbox+0x2ea0d]  RunCurrentEventLoopInMode+0xe2
C  [HIToolbox+0x2e7b7]  ReceiveNextEventCommon+0x1df
C  [HIToolbox+0x2e5bc]  _BlockUntilNextEventMatchingListInModeWithFilter+0x41
C  [AppKit+0x2424e]  _DPSNextEvent+0x59a
C  [AppKit+0x2389b]  -[NSApplication nextEventMatchingMask:untilDate:inMode:dequeue:]+0x7a
C  [libosxapp.dylib+0x242a]  -[NSApplicationAWT nextEventMatchingMask:untilDate:inMode:dequeue:]+0x7c
C  [AppKit+0x1799c]  -[NSApplication run]+0x229
C  [libosxapp.dylib+0x223e]  +[NSApplicationAWT runAWTLoopWithApp:]+0x9c
C  [libawt_lwawt.dylib+0x4494f]  -[AWTStarter starter:]+0x389
C  [Foundation+0x6313e]  __NSThreadPerformPerform+0xe5
C  [CoreFoundation+0x7f5b1]  __CFRUNLOOP_IS_CALLING_OUT_TO_A_SOURCE0_PERFORM_FUNCTION__+0x11
C  [CoreFoundation+0x70c62]  __CFRunLoopDoSources0+0xf2
C  [CoreFoundation+0x703ef]  __CFRunLoopRun+0x33f
C  [CoreFoundation+0x6fe75]  CFRunLoopRunSpecific+0x135
C  [java+0x56cc]  CreateExecutionEnvironment+0x367
C  [java+0x165c]  JLI_Launch+0x7a0
C  [java+0x768a]  main+0x65
C  [java+0xeb4]  start+0x34
C  0x0000000000000005


---------------  P R O C E S S  ---------------

Java Threads: ( => current thread )
  0x00007fd37bad9000 JavaThread "AWT-Shutdown" [_thread_blocked, id=28691, stack(0x000000011a26a000,0x000000011a36a000)]
  0x00007fd37c0be000 JavaThread "DestroyJavaVM" [_thread_blocked, id=6915, stack(0x0000000101f1d000,0x000000010201d000)]
  0x00007fd37c0cc000 JavaThread "LWJGL Application" [_thread_in_native, id=62723, stack(0x000000011d37c000,0x000000011d47c000)]
=>0x00007fd37b900000 JavaThread "AppKit Thread" daemon [_thread_in_native, id=3335, stack(0x00007fff5ed5d000,0x00007fff5f55d000)]
  0x00007fd37b859800 JavaThread "Service Thread" daemon [_thread_blocked, id=19971, stack(0x00000001185fa000,0x00000001186fa000)]
  0x00007fd37c029000 JavaThread "C1 CompilerThread2" daemon [_thread_blocked, id=19459, stack(0x00000001184f7000,0x00000001185f7000)]
  0x00007fd37b014800 JavaThread "C2 CompilerThread1" daemon [_thread_blocked, id=18947, stack(0x00000001183f4000,0x00000001184f4000)]
  0x00007fd37c028000 JavaThread "C2 CompilerThread0" daemon [_thread_blocked, id=18435, stack(0x00000001182f1000,0x00000001183f1000)]
  0x00007fd37c80e000 JavaThread "Signal Dispatcher" daemon [_thread_blocked, id=17923, stack(0x00000001181ee000,0x00000001182ee000)]
  0x00007fd37c026800 JavaThread "Finalizer" daemon [_thread_blocked, id=13059, stack(0x0000000117fa2000,0x00000001180a2000)]
  0x00007fd37b842800 JavaThread "Reference Handler" daemon [_thread_blocked, id=12547, stack(0x0000000117e9f000,0x0000000117f9f000)]

Other Threads:
  0x00007fd37b83d800 VMThread [stack: 0x0000000117d9c000,0x0000000117e9c000] [id=12035]
  0x00007fd37c027800 WatcherThread [stack: 0x00000001186fd000,0x00000001187fd000] [id=20483]

VM state:not at safepoint (normal execution)

VM Mutex/Monitor currently owned by a thread: None

Heap:
 PSYoungGen      total 38400K, used 18568K [0x0000000795580000, 0x0000000798000000, 0x00000007c0000000)
  eden space 33280K, 55% used [0x0000000795580000,0x00000007967a2198,0x0000000797600000)
  from space 5120K, 0% used [0x0000000797b00000,0x0000000797b00000,0x0000000798000000)
  to   space 5120K, 0% used [0x0000000797600000,0x0000000797600000,0x0000000797b00000)
 ParOldGen       total 87552K, used 0K [0x0000000740000000, 0x0000000745580000, 0x0000000795580000)
  object space 87552K, 0% used [0x0000000740000000,0x0000000740000000,0x0000000745580000)
 Metaspace       used 8461K, capacity 8557K, committed 8832K, reserved 1056768K
  class space    used 821K, capacity 853K, committed 896K, reserved 1048576K

Card table byte_map: [0x00000001113f0000,0x00000001117f1000] byte_map_base: 0x000000010d9f0000

Marking Bits: (ParMarkBitMap*) 0x000000010189d390
 Begin Bits: [0x0000000111ea8000, 0x0000000113ea8000)
 End Bits:   [0x0000000113ea8000, 0x0000000115ea8000)

Polling page: 0x00000001007f9000

CodeCache: size=245760Kb used=3172Kb max_used=3183Kb free=242587Kb
 bounds [0x0000000102030000, 0x0000000102350000, 0x0000000111030000]
 total_blobs=1314 nmethods=841 adapters=388
 compilation: enabled

Compilation events (10 events):
Event: 10.510 Thread 0x00007fd37c029000 nmethod 834 0x00000001023486d0 code [0x0000000102348860, 0x0000000102348ca8]
Event: 10.510 Thread 0x00007fd37c029000  835       3       com.badlogic.gdx.backends.lwjgl.LwjglGraphics::updateTime (65 bytes)
Event: 10.510 Thread 0x00007fd37c029000 nmethod 835 0x0000000102348e50 code [0x0000000102348fe0, 0x00000001023491f0]
Event: 10.510 Thread 0x00007fd37c029000  836       3       com.running.game.RunningGame::render (5 bytes)
Event: 10.510 Thread 0x00007fd37c029000 nmethod 836 0x0000000102349290 code [0x0000000102349480, 0x00000001023498c8]
Event: 10.510 Thread 0x00007fd37c029000  837       3       com.badlogic.gdx.Game::render (25 bytes)
Event: 10.510 Thread 0x00007fd37c029000 nmethod 837 0x0000000102349bd0 code [0x0000000102349da0, 0x000000010234a188]
Event: 10.904 Thread 0x00007fd37c029000  838       3       com.badlogic.gdx.physics.box2d.Body::setLinearVelocity (11 bytes)
Event: 10.904 Thread 0x00007fd37c029000 nmethod 838 0x000000010234a750 code [0x000000010234a8c0, 0x000000010234aa48]
Event: 12.330 Thread 0x00007fd37c028000  840       4       java.nio.DirectByteBuffer::put (18 bytes)

GC Heap History (0 events):
No events

Deoptimization events (0 events):
No events

Internal exceptions (10 events):
Event: 1.978 Thread 0x00007fd37c0cc000 Exception <a 'java/security/PrivilegedActionException'> (0x000000079660a6e8) thrown at [/HUDSON3/workspace/8-2-build-macosx-x86_64/jdk8u25/1514/hotspot/src/share/vm/prims/jvm.cpp, line 1312]
Event: 1.979 Thread 0x00007fd37c0cc000 Exception <a 'java/security/PrivilegedActionException'> (0x0000000796611958) thrown at [/HUDSON3/workspace/8-2-build-macosx-x86_64/jdk8u25/1514/hotspot/src/share/vm/prims/jvm.cpp, line 1312]
Event: 1.980 Thread 0x00007fd37c0cc000 Exception <a 'java/security/PrivilegedActionException'> (0x00000007966181b0) thrown at [/HUDSON3/workspace/8-2-build-macosx-x86_64/jdk8u25/1514/hotspot/src/share/vm/prims/jvm.cpp, line 1312]
Event: 1.990 Thread 0x00007fd37c0cc000 Exception <a 'java/security/PrivilegedActionException'> (0x000000079661d690) thrown at [/HUDSON3/workspace/8-2-build-macosx-x86_64/jdk8u25/1514/hotspot/src/share/vm/prims/jvm.cpp, line 1312]
Event: 1.991 Thread 0x00007fd37c0cc000 Exception <a 'java/security/PrivilegedActionException'> (0x0000000796622980) thrown at [/HUDSON3/workspace/8-2-build-macosx-x86_64/jdk8u25/1514/hotspot/src/share/vm/prims/jvm.cpp, line 1312]
Event: 2.750 Thread 0x00007fd37c0cc000 Exception <a 'java/security/PrivilegedActionException'> (0x000000079662b4d8) thrown at [/HUDSON3/workspace/8-2-build-macosx-x86_64/jdk8u25/1514/hotspot/src/share/vm/prims/jvm.cpp, line 1312]
Event: 12.321 Thread 0x00007fd37c0cc000 Exception <a 'java/security/PrivilegedActionException'> (0x0000000796753b98) thrown at [/HUDSON3/workspace/8-2-build-macosx-x86_64/jdk8u25/1514/hotspot/src/share/vm/prims/jvm.cpp, line 1312]
Event: 12.322 Thread 0x00007fd37c0cc000 Exception <a 'java/security/PrivilegedActionException'> (0x0000000796757c00) thrown at [/HUDSON3/workspace/8-2-build-macosx-x86_64/jdk8u25/1514/hotspot/src/share/vm/prims/jvm.cpp, line 1312]
Event: 12.323 Thread 0x00007fd37c0cc000 Exception <a 'java/security/PrivilegedActionException'> (0x000000079675cc78) thrown at [/HUDSON3/workspace/8-2-build-macosx-x86_64/jdk8u25/1514/hotspot/src/share/vm/prims/jvm.cpp, line 1312]
Event: 12.329 Thread 0x00007fd37c0cc000 Exception <a 'java/security/PrivilegedActionException'> (0x0000000796762838) thrown at [/HUDSON3/workspace/8-2-build-macosx-x86_64/jdk8u25/1514/hotspot/src/share/vm/prims/jvm.cpp, line 1312]

Events (10 events):
Event: 12.321 loading class com/badlogic/gdx/backends/lwjgl/LwjglApplication$2
Event: 12.321 loading class com/badlogic/gdx/backends/lwjgl/LwjglApplication$2 done
Event: 12.322 loading class com/badlogic/gdx/utils/Array$ArrayIterable
Event: 12.322 loading class com/badlogic/gdx/utils/Array$ArrayIterable done
Event: 12.323 loading class com/badlogic/gdx/utils/Array$ArrayIterator
Event: 12.323 loading class com/badlogic/gdx/utils/Array$ArrayIterator done
Event: 12.324 loading class java/util/NoSuchElementException
Event: 12.324 loading class java/util/NoSuchElementException done
Event: 12.329 loading class org/lwjgl/opengl/CallbackUtil
Event: 12.329 loading class org/lwjgl/opengl/CallbackUtil done


Dynamic libraries:
0x0000000001111000 	/System/Library/Frameworks/Cocoa.framework/Versions/A/Cocoa
0x0000000001111000 	/System/Library/Frameworks/Security.framework/Versions/A/Security
0x0000000001111000 	/System/Library/Frameworks/ApplicationServices.framework/Versions/A/ApplicationServices
0x0000000001111000 	/usr/lib/libz.1.dylib
0x0000000001111000 	/usr/lib/libSystem.B.dylib
0x0000000001111000 	/usr/lib/libobjc.A.dylib
0x0000000001111000 	/System/Library/Frameworks/CoreFoundation.framework/Versions/A/CoreFoundation
0x0000000001111000 	/System/Library/Frameworks/Foundation.framework/Versions/C/Foundation
0x0000000001111000 	/System/Library/Frameworks/AppKit.framework/Versions/C/AppKit
0x0000000001111000 	/System/Library/Frameworks/CoreData.framework/Versions/A/CoreData
0x0000000001111000 	/System/Library/PrivateFrameworks/RemoteViewServices.framework/Versions/A/RemoteViewServices
0x0000000001111000 	/System/Library/Frameworks/AudioToolbox.framework/Versions/A/AudioToolbox
0x0000000001111000 	/System/Library/Frameworks/AudioUnit.framework/Versions/A/AudioUnit
0x0000000001111000 	/System/Library/PrivateFrameworks/DataDetectorsCore.framework/Versions/A/DataDetectorsCore
0x0000000001111000 	/System/Library/PrivateFrameworks/DesktopServicesPriv.framework/Versions/A/DesktopServicesPriv
0x0000000001111000 	/System/Library/Frameworks/Carbon.framework/Versions/A/Frameworks/HIToolbox.framework/Versions/A/HIToolbox
0x0000000001111000 	/System/Library/Frameworks/QuartzCore.framework/Versions/A/QuartzCore
0x0000000001111000 	/System/Library/Frameworks/Carbon.framework/Versions/A/Frameworks/SpeechRecognition.framework/Versions/A/SpeechRecognition
0x0000000001111000 	/usr/lib/libauto.dylib
0x0000000001111000 	/usr/lib/libicucore.A.dylib
0x0000000001111000 	/usr/lib/libxml2.2.dylib
0x0000000001111000 	/System/Library/PrivateFrameworks/CoreUI.framework/Versions/A/CoreUI
0x0000000001111000 	/System/Library/Frameworks/CoreAudio.framework/Versions/A/CoreAudio
0x0000000001111000 	/System/Library/Frameworks/DiskArbitration.framework/Versions/A/DiskArbitration
0x0000000001111000 	/usr/lib/liblangid.dylib
0x0000000001111000 	/System/Library/PrivateFrameworks/MultitouchSupport.framework/Versions/A/MultitouchSupport
0x0000000001111000 	/System/Library/Frameworks/IOKit.framework/Versions/A/IOKit
0x0000000001111000 	/usr/lib/libDiagnosticMessagesClient.dylib
0x0000000001111000 	/System/Library/Frameworks/CoreServices.framework/Versions/A/CoreServices
0x0000000001111000 	/System/Library/PrivateFrameworks/PerformanceAnalysis.framework/Versions/A/PerformanceAnalysis
0x0000000001111000 	/System/Library/PrivateFrameworks/GenerationalStorage.framework/Versions/A/GenerationalStorage
0x0000000001111000 	/System/Library/Frameworks/OpenGL.framework/Versions/A/OpenGL
0x0000000001111000 	/System/Library/PrivateFrameworks/Sharing.framework/Versions/A/Sharing
0x0000000001111000 	/System/Library/Frameworks/ImageIO.framework/Versions/A/ImageIO
0x0000000001111000 	/System/Library/Frameworks/CoreText.framework/Versions/A/CoreText
0x0000000001111000 	/System/Library/Frameworks/CoreGraphics.framework/Versions/A/CoreGraphics
0x0000000001111000 	/System/Library/PrivateFrameworks/Backup.framework/Versions/A/Backup
0x0000000001111000 	/System/Library/Frameworks/CFNetwork.framework/Versions/A/CFNetwork
0x0000000001111000 	/System/Library/Frameworks/SystemConfiguration.framework/Versions/A/SystemConfiguration
0x0000000001111000 	/usr/lib/libCRFSuite.dylib
0x0000000001111000 	/usr/lib/libc++.1.dylib
0x0000000001111000 	/usr/lib/libc++abi.dylib
0x0000000001111000 	/usr/lib/system/libcache.dylib
0x0000000001111000 	/usr/lib/system/libcommonCrypto.dylib
0x0000000001111000 	/usr/lib/system/libcompiler_rt.dylib
0x0000000001111000 	/usr/lib/system/libcopyfile.dylib
0x0000000001111000 	/usr/lib/system/libcorecrypto.dylib
0x0000000001111000 	/usr/lib/system/libdispatch.dylib
0x0000000001111000 	/usr/lib/system/libdyld.dylib
0x0000000001111000 	/usr/lib/system/libkeymgr.dylib
0x0000000001111000 	/usr/lib/system/liblaunch.dylib
0x0000000001111000 	/usr/lib/system/libmacho.dylib
0x0000000001111000 	/usr/lib/system/libquarantine.dylib
0x0000000001111000 	/usr/lib/system/libremovefile.dylib
0x0000000001111000 	/usr/lib/system/libsystem_asl.dylib
0x0000000001111000 	/usr/lib/system/libsystem_blocks.dylib
0x0000000001111000 	/usr/lib/system/libsystem_c.dylib
0x0000000001111000 	/usr/lib/system/libsystem_configuration.dylib
0x0000000001111000 	/usr/lib/system/libsystem_dnssd.dylib
0x0000000001111000 	/usr/lib/system/libsystem_info.dylib
0x0000000001111000 	/usr/lib/system/libsystem_kernel.dylib
0x0000000001111000 	/usr/lib/system/libsystem_m.dylib
0x0000000001111000 	/usr/lib/system/libsystem_malloc.dylib
0x0000000001111000 	/usr/lib/system/libsystem_network.dylib
0x0000000001111000 	/usr/lib/system/libsystem_notify.dylib
0x0000000001111000 	/usr/lib/system/libsystem_platform.dylib
0x0000000001111000 	/usr/lib/system/libsystem_pthread.dylib
0x0000000001111000 	/usr/lib/system/libsystem_sandbox.dylib
0x0000000001111000 	/usr/lib/system/libsystem_stats.dylib
0x0000000001111000 	/usr/lib/system/libunc.dylib
0x0000000001111000 	/usr/lib/system/libunwind.dylib
0x0000000001111000 	/usr/lib/system/libxpc.dylib
0x0000000001111000 	/usr/lib/libbsm.0.dylib
0x0000000001111000 	/usr/lib/libsqlite3.dylib
0x0000000001111000 	/usr/lib/libxar.1.dylib
0x0000000001111000 	/usr/lib/libpam.2.dylib
0x0000000001111000 	/usr/lib/libOpenScriptingUtil.dylib
0x0000000001111000 	/usr/lib/libbz2.1.0.dylib
0x0000000001111000 	/System/Library/Frameworks/CoreServices.framework/Versions/A/Frameworks/CarbonCore.framework/Versions/A/CarbonCore
0x0000000001111000 	/System/Library/Frameworks/CoreServices.framework/Versions/A/Frameworks/Metadata.framework/Versions/A/Metadata
0x0000000001111000 	/System/Library/Frameworks/CoreServices.framework/Versions/A/Frameworks/OSServices.framework/Versions/A/OSServices
0x0000000001111000 	/System/Library/Frameworks/CoreServices.framework/Versions/A/Frameworks/SearchKit.framework/Versions/A/SearchKit
0x0000000001111000 	/System/Library/Frameworks/CoreServices.framework/Versions/A/Frameworks/AE.framework/Versions/A/AE
0x0000000001111000 	/System/Library/Frameworks/CoreServices.framework/Versions/A/Frameworks/LaunchServices.framework/Versions/A/LaunchServices
0x0000000001111000 	/System/Library/Frameworks/CoreServices.framework/Versions/A/Frameworks/DictionaryServices.framework/Versions/A/DictionaryServices
0x0000000001111000 	/System/Library/Frameworks/NetFS.framework/Versions/A/NetFS
0x0000000001111000 	/usr/lib/system/libkxld.dylib
0x0000000001111000 	/System/Library/PrivateFrameworks/NetAuth.framework/Versions/A/NetAuth
0x0000000001111000 	/System/Library/PrivateFrameworks/TCC.framework/Versions/A/TCC
0x0000000001111000 	/System/Library/Frameworks/OpenDirectory.framework/Versions/A/Frameworks/CFOpenDirectory.framework/Versions/A/CFOpenDirectory
0x0000000001111000 	/System/Library/Frameworks/ServiceManagement.framework/Versions/A/ServiceManagement
0x0000000001111000 	/usr/lib/libxslt.1.dylib
0x0000000001111000 	/System/Library/Frameworks/Carbon.framework/Versions/A/Frameworks/Ink.framework/Versions/A/Ink
0x0000000001111000 	/System/Library/Frameworks/ApplicationServices.framework/Versions/A/Frameworks/ATS.framework/Versions/A/ATS
0x0000000001111000 	/System/Library/Frameworks/ApplicationServices.framework/Versions/A/Frameworks/ColorSync.framework/Versions/A/ColorSync
0x0000000001111000 	/System/Library/Frameworks/ApplicationServices.framework/Versions/A/Frameworks/HIServices.framework/Versions/A/HIServices
0x0000000001111000 	/System/Library/Frameworks/ApplicationServices.framework/Versions/A/Frameworks/LangAnalysis.framework/Versions/A/LangAnalysis
0x0000000001111000 	/System/Library/Frameworks/ApplicationServices.framework/Versions/A/Frameworks/PrintCore.framework/Versions/A/PrintCore
0x0000000001111000 	/System/Library/Frameworks/ApplicationServices.framework/Versions/A/Frameworks/QD.framework/Versions/A/QD
0x0000000001111000 	/System/Library/Frameworks/ApplicationServices.framework/Versions/A/Frameworks/SpeechSynthesis.framework/Versions/A/SpeechSynthesis
0x0000000001111000 	/System/Library/Frameworks/IOSurface.framework/Versions/A/IOSurface
0x0000000001111000 	/System/Library/Frameworks/Accelerate.framework/Versions/A/Accelerate
0x0000000001111000 	/System/Library/Frameworks/Accelerate.framework/Versions/A/Frameworks/vImage.framework/Versions/A/vImage
0x0000000001111000 	/System/Library/Frameworks/Accelerate.framework/Versions/A/Frameworks/vecLib.framework/Versions/A/vecLib
0x0000000001111000 	/System/Library/Frameworks/Accelerate.framework/Versions/A/Frameworks/vecLib.framework/Versions/A/libvDSP.dylib
0x0000000001111000 	/System/Library/Frameworks/Accelerate.framework/Versions/A/Frameworks/vecLib.framework/Versions/A/libvMisc.dylib
0x0000000001111000 	/System/Library/Frameworks/Accelerate.framework/Versions/A/Frameworks/vecLib.framework/Versions/A/libLAPACK.dylib
0x0000000001111000 	/System/Library/Frameworks/Accelerate.framework/Versions/A/Frameworks/vecLib.framework/Versions/A/libBLAS.dylib
0x0000000001111000 	/System/Library/Frameworks/ApplicationServices.framework/Versions/A/Frameworks/ATS.framework/Versions/A/Resources/libFontParser.dylib
0x0000000001111000 	/System/Library/Frameworks/ApplicationServices.framework/Versions/A/Frameworks/ATS.framework/Versions/A/Resources/libFontRegistry.dylib
0x0000000001111000 	/System/Library/Frameworks/ImageIO.framework/Versions/A/Resources/libJPEG.dylib
0x0000000001111000 	/System/Library/Frameworks/ImageIO.framework/Versions/A/Resources/libTIFF.dylib
0x0000000001111000 	/System/Library/Frameworks/ImageIO.framework/Versions/A/Resources/libPng.dylib
0x0000000001111000 	/System/Library/Frameworks/ImageIO.framework/Versions/A/Resources/libGIF.dylib
0x0000000001111000 	/System/Library/Frameworks/ImageIO.framework/Versions/A/Resources/libJP2.dylib
0x0000000001111000 	/System/Library/Frameworks/ImageIO.framework/Versions/A/Resources/libRadiance.dylib
0x0000000001111000 	/usr/lib/libcups.2.dylib
0x0000000001111000 	/System/Library/Frameworks/Kerberos.framework/Versions/A/Kerberos
0x0000000001111000 	/System/Library/Frameworks/GSS.framework/Versions/A/GSS
0x0000000001111000 	/usr/lib/libresolv.9.dylib
0x0000000001111000 	/usr/lib/libiconv.2.dylib
0x0000000001111000 	/System/Library/PrivateFrameworks/Heimdal.framework/Versions/A/Heimdal
0x0000000001111000 	/System/Library/PrivateFrameworks/TrustEvaluationAgent.framework/Versions/A/TrustEvaluationAgent
0x0000000001111000 	/usr/lib/libheimdal-asn1.dylib
0x0000000001111000 	/System/Library/Frameworks/OpenDirectory.framework/Versions/A/OpenDirectory
0x0000000001111000 	/System/Library/PrivateFrameworks/CommonAuth.framework/Versions/A/CommonAuth
0x0000000001111000 	/System/Library/Frameworks/SecurityFoundation.framework/Versions/A/SecurityFoundation
0x0000000001111000 	/System/Library/PrivateFrameworks/Bom.framework/Versions/A/Bom
0x0000000001111000 	/System/Library/Frameworks/CoreVideo.framework/Versions/A/CoreVideo
0x0000000001111000 	/System/Library/Frameworks/QuartzCore.framework/Versions/A/Frameworks/CoreImage.framework/Versions/A/CoreImage
0x0000000001111000 	/System/Library/Frameworks/QuartzCore.framework/Versions/A/Frameworks/ScalableUserInterface.framework/Versions/A/ScalableUserInterface
0x0000000001111000 	/System/Library/Frameworks/OpenGL.framework/Versions/A/Libraries/libGLU.dylib
0x0000000001111000 	/System/Library/Frameworks/OpenGL.framework/Versions/A/Libraries/libGFXShared.dylib
0x0000000001111000 	/System/Library/Frameworks/OpenGL.framework/Versions/A/Libraries/libGL.dylib
0x0000000001111000 	/System/Library/Frameworks/OpenGL.framework/Versions/A/Libraries/libGLImage.dylib
0x0000000001111000 	/System/Library/Frameworks/OpenGL.framework/Versions/A/Libraries/libCVMSPluginSupport.dylib
0x0000000001111000 	/System/Library/Frameworks/OpenGL.framework/Versions/A/Libraries/libCoreVMClient.dylib
0x0000000001111000 	/System/Library/PrivateFrameworks/FaceCore.framework/Versions/A/FaceCore
0x0000000001111000 	/System/Library/PrivateFrameworks/CrashReporterSupport.framework/Versions/A/CrashReporterSupport
0x0000000001111000 	/System/Library/Frameworks/OpenCL.framework/Versions/A/OpenCL
0x0000000001111000 	/System/Library/PrivateFrameworks/AppleFSCompression.framework/Versions/A/AppleFSCompression
0x0000000001111000 	/System/Library/PrivateFrameworks/Ubiquity.framework/Versions/A/Ubiquity
0x0000000001111000 	/System/Library/PrivateFrameworks/IconServices.framework/Versions/A/IconServices
0x0000000001111000 	/System/Library/PrivateFrameworks/ChunkingLibrary.framework/Versions/A/ChunkingLibrary
0x0000000001111000 	/System/Library/PrivateFrameworks/CoreSymbolication.framework/Versions/A/CoreSymbolication
0x0000000001111000 	/System/Library/PrivateFrameworks/Symbolication.framework/Versions/A/Symbolication
0x0000000001111000 	/System/Library/PrivateFrameworks/DebugSymbols.framework/Versions/A/DebugSymbols
0x0000000101000000 	/Library/Java/JavaVirtualMachines/jdk1.8.0_25.jdk/Contents/Home/jre/lib/server/libjvm.dylib
0x0000000001111000 	/usr/lib/libstdc++.6.dylib
0x00000001007b7000 	/Library/Java/JavaVirtualMachines/jdk1.8.0_25.jdk/Contents/Home/jre/lib/libverify.dylib
0x00000001007c5000 	/Library/Java/JavaVirtualMachines/jdk1.8.0_25.jdk/Contents/Home/jre/lib/libjava.dylib
0x0000000102027000 	/Library/Java/JavaVirtualMachines/jdk1.8.0_25.jdk/Contents/Home/jre/lib/libzip.dylib
0x00000001180a4000 	/System/Library/Frameworks/JavaVM.framework/Frameworks/JavaRuntimeSupport.framework/JavaRuntimeSupport
0x00000001180bc000 	/System/Library/Frameworks/JavaVM.framework/Versions/A/Frameworks/JavaNativeFoundation.framework/Versions/A/JavaNativeFoundation
0x00000001180d0000 	/System/Library/Frameworks/JavaVM.framework/Versions/A/JavaVM
0x0000000001111000 	/System/Library/Frameworks/Carbon.framework/Versions/A/Carbon
0x00000001180dc000 	/System/Library/PrivateFrameworks/JavaLaunching.framework/Versions/A/JavaLaunching
0x0000000001111000 	/System/Library/Frameworks/Carbon.framework/Versions/A/Frameworks/CommonPanels.framework/Versions/A/CommonPanels
0x0000000001111000 	/System/Library/Frameworks/Carbon.framework/Versions/A/Frameworks/Help.framework/Versions/A/Help
0x0000000001111000 	/System/Library/Frameworks/Carbon.framework/Versions/A/Frameworks/ImageCapture.framework/Versions/A/ImageCapture
0x0000000001111000 	/System/Library/Frameworks/Carbon.framework/Versions/A/Frameworks/OpenScripting.framework/Versions/A/OpenScripting
0x0000000001111000 	/System/Library/Frameworks/Carbon.framework/Versions/A/Frameworks/Print.framework/Versions/A/Print
0x0000000001111000 	/System/Library/Frameworks/Carbon.framework/Versions/A/Frameworks/SecurityHI.framework/Versions/A/SecurityHI
0x0000000118892000 	/private/var/folders/q2/lsgh6vn11rn6yfdhtz3sgz440000gn/T/libgdxPeter/d8ae55ed/libgdx64.dylib
0x00000001188db000 	/Library/Java/JavaVirtualMachines/jdk1.8.0_25.jdk/Contents/Home/jre/lib/libawt.dylib
0x000000011898a000 	/Library/Java/JavaVirtualMachines/jdk1.8.0_25.jdk/Contents/Home/jre/lib/./libmlib_image.dylib
0x0000000118a56000 	/Library/Java/JavaVirtualMachines/jdk1.8.0_25.jdk/Contents/Home/jre/lib/libawt_lwawt.dylib
0x0000000118b09000 	/Library/Java/JavaVirtualMachines/jdk1.8.0_25.jdk/Contents/Home/jre/lib/./libosxapp.dylib
0x0000000001111000 	/System/Library/Frameworks/ExceptionHandling.framework/Versions/A/ExceptionHandling
0x0000000001111000 	/System/Library/PrivateFrameworks/CoreServicesInternal.framework/Versions/A/CoreServicesInternal
0x0000000001111000 	/System/Library/PrivateFrameworks/Librarian.framework/Versions/A/Librarian
0x0000000001111000 	/System/Library/Frameworks/CoreGraphics.framework/Versions/A/Resources/libCGCMS.A.dylib
0x0000000001111000 	/System/Library/Frameworks/CoreGraphics.framework/Versions/A/Resources/libRIP.A.dylib
0x0000000001111000 	/System/Library/Frameworks/CoreGraphics.framework/Versions/A/Resources/libCGXType.A.dylib
0x0000000001111000 	/System/Library/PrivateFrameworks/FamilyControls.framework/Versions/A/FamilyControls
0x0000000001111000 	/System/Library/PrivateFrameworks/CommerceKit.framework/Versions/A/Frameworks/CommerceCore.framework/Versions/A/CommerceCore
0x0000000001111000 	/System/Library/PrivateFrameworks/SystemAdministration.framework/Versions/A/SystemAdministration
0x0000000001111000 	/System/Library/Frameworks/DirectoryService.framework/Versions/A/DirectoryService
0x0000000001111000 	/System/Library/PrivateFrameworks/DiskImages.framework/Versions/A/DiskImages
0x0000000001111000 	/System/Library/PrivateFrameworks/LoginUIKit.framework/Versions/A/Frameworks/LoginUICore.framework/Versions/A/LoginUICore
0x0000000001111000 	/usr/lib/libCoreStorage.dylib
0x0000000001111000 	/usr/lib/libcsfde.dylib
0x0000000001111000 	/usr/lib/libodfde.dylib
0x0000000001111000 	/System/Library/Frameworks/DiscRecording.framework/Versions/A/DiscRecording
0x0000000001111000 	/usr/lib/libcurl.4.dylib
0x0000000001111000 	/System/Library/PrivateFrameworks/MediaKit.framework/Versions/A/MediaKit
0x0000000001111000 	/System/Library/PrivateFrameworks/EFILogin.framework/Versions/A/EFILogin
0x0000000001111000 	/usr/lib/libutil.dylib
0x0000000001111000 	/System/Library/PrivateFrameworks/AOSNotification.framework/Versions/A/AOSNotification
0x0000000001111000 	/System/Library/Frameworks/LDAP.framework/Versions/A/LDAP
0x0000000001111000 	/usr/lib/libsasl2.2.dylib
0x0000000001111000 	/usr/lib/libcrypto.0.9.8.dylib
0x0000000001111000 	/usr/lib/libssl.0.9.8.dylib
0x000000011cf37000 	/Library/Java/JavaVirtualMachines/jdk1.8.0_25.jdk/Contents/Home/jre/lib/libfontmanager.dylib
0x000000011cf9e000 	/private/var/folders/q2/lsgh6vn11rn6yfdhtz3sgz440000gn/T/libgdxPeter/f7649394/liblwjgl.dylib
0x000000011a4c6000 	/Library/Java/JavaVirtualMachines/jdk1.8.0_25.jdk/Contents/Home/jre/lib/libjawt.dylib
0x000000011d020000 	/var/folders/q2/lsgh6vn11rn6yfdhtz3sgz440000gn/T/libgdxPeter/f7649394/openal.dylib
0x000000011d07c000 	/System/Library/Components/CoreAudio.component/Contents/MacOS/CoreAudio
0x000000011b52c000 	/System/Library/Extensions/AppleHDA.kext/Contents/PlugIns/AppleHDAHALPlugIn.bundle/Contents/MacOS/AppleHDAHALPlugIn
0x0000000001111000 	/System/Library/Frameworks/OpenGL.framework/Versions/A/Resources/GLEngine.bundle/GLEngine
0x0000000001111000 	/System/Library/Frameworks/OpenGL.framework/Versions/A/Libraries/libGLProgrammability.dylib
0x0000000000000000 	/System/Library/Extensions/AppleIntelHD5000GraphicsGLDriver.bundle/Contents/MacOS/AppleIntelHD5000GraphicsGLDriver
0x0000000001111000 	/System/Library/PrivateFrameworks/IOAccelerator.framework/Versions/A/IOAccelerator
0x0000000001111000 	/System/Library/PrivateFrameworks/GPUSupport.framework/Versions/A/Libraries/libGPUSupportMercury.dylib
0x0000000001111000 	/System/Library/Frameworks/OpenGL.framework/Versions/A/Resources/GLRendererFloat.bundle/GLRendererFloat
0x0000000001111000 	/System/Library/Frameworks/OpenCL.framework/Versions/A/Libraries/libcldcpuengine.dylib
0x000000011d884000 	cl_kernels
0x000000011e923000 	/System/Library/Frameworks/OpenCL.framework/Versions/A/Libraries/ImageFormats/unorm8_bgra.dylib
0x000000011d88a000 	cl_kernels
0x000000011ea5e000 	cl_kernels
0x000000011ea50000 	cl_kernels
0x000000011ea60000 	/System/Library/Frameworks/OpenCL.framework/Versions/A/Libraries/ImageFormats/unorm8_argb.dylib
0x000000011f1ec000 	/private/var/folders/q2/lsgh6vn11rn6yfdhtz3sgz440000gn/T/libgdxPeter/b02f37a3/libgdx-box2d64.dylib

VM Arguments:
jvm_args: -Dfile.encoding=UTF-8 
java_command: com.running.game.desktop.DesktopLauncher
java_class_path (initial): /Users/Peter/Documents/RunningGame/desktop/bin:/Users/Peter/.gradle/caches/modules-2/files-2.1/com.badlogicgames.gdx/gdx-backend-headless/1.6.0/e3b6e279e35f7695c4ea996b1f9480aa3b781ca1/gdx-backend-headless-1.6.0.jar:/Users/Peter/.gradle/caches/modules-2/files-2.1/com.badlogicgames.gdx/gdx-backend-lwjgl/1.6.0/442f452a2e78c2e67be9c91138c279044617dd48/gdx-backend-lwjgl-1.6.0.jar:/Users/Peter/.gradle/caches/modules-2/files-2.1/com.badlogicgames.gdx/gdx-box2d-platform/1.6.0/2114196ccdeb48354fed7bb88fd394cb9220cb85/gdx-box2d-platform-1.6.0-natives-desktop.jar:/Users/Peter/.gradle/caches/modules-2/files-2.1/com.badlogicgames.gdx/gdx-controllers-desktop/1.6.0/4e3dd93de32054b33be1bbfadf4ff5eae853f47a/gdx-controllers-desktop-1.6.0.jar:/Users/Peter/.gradle/caches/modules-2/files-2.1/com.badlogicgames.gdx/gdx-controllers-platform/1.6.0/dd6a099c5c855831f6022958c68df253ab3e7e2f/gdx-controllers-platform-1.6.0-natives-desktop.jar:/Users/Peter/.gradle/caches/modules-2/files-2.1/com.badlogicgames.gdx/gdx-controllers/1.6.0/cb4f84dbd8f8d06800b3e6b2ee4c9e557c0df994/gdx-controllers-1.6.0.jar:/Users/Peter/.gradle/caches/modules-2/files-2.1/com.badlogicgames.gdx/gdx-platform/1.6.0/276722e4fa28b31548cbca11c382af1c4e0cf690/gdx-platform-1.6.0-natives-desktop.jar:/Users/Peter/.gradle/caches/modules-2/files-2.1/com.badlogicgames.gdx/gdx-tools/1.6.0/a56b8e45b118239787c8fc1dff383b8201450d7d/gdx-tools-1.6.0.jar:/Users/Peter/.gradle/caches/modules-2/files-2.1/com.badlogicgames.gdx/gdx/1.6.0/b7ac8e495b4e4828a30fa97654a17bdfb9f93734/gdx-1.6.0.jar:/Users/Peter/.gradle/caches/modules-2/files-2.1/com.badlogicgames.jlayer/jlayer/1.0.1-gdx/7cca83cec5c1b2f011362f4d85aabd71a73b049d/jlayer-1.0.1-gdx.jar:/Users/Peter/.gradle/caches/modules-2/files-2.1/net.java.jinput/jinput-platform/2.0.5/385ee093e01f587f30ee1c8a2ee7d408fd732e16/jinput-platform-2.0.5-natives-windows.jar:/Users/Peter/.gradle/caches/modules-2/files-2.1/net.java.jinput/jinput-platform/2.0.5/53f9c919f34d2ca9de8c51fc4e
Launcher Type: SUN_STANDARD

Environment Variables:
PATH=/usr/bin:/bin:/usr/sbin:/sbin
SHELL=/bin/bash
DISPLAY=/tmp/launch-wydPj5/org.macosforge.xquartz:0

Signal Handlers:
SIGSEGV: [libjvm.dylib+0x579dc7], sa_mask[0]=11111111011111110111111111111111, sa_flags=SA_ONSTACK|SA_RESTART|SA_SIGINFO
SIGBUS: [libjvm.dylib+0x579dc7], sa_mask[0]=11111111011111110111111111111111, sa_flags=SA_RESTART|SA_SIGINFO
SIGFPE: [libjvm.dylib+0x45b030], sa_mask[0]=11111111011111110111111111111111, sa_flags=SA_RESTART|SA_SIGINFO
SIGPIPE: [libjvm.dylib+0x45b030], sa_mask[0]=11111111011111110111111111111111, sa_flags=SA_RESTART|SA_SIGINFO
SIGXFSZ: [libjvm.dylib+0x45b030], sa_mask[0]=11111111011111110111111111111111, sa_flags=SA_RESTART|SA_SIGINFO
SIGILL: [libjvm.dylib+0x45b030], sa_mask[0]=11111111011111110111111111111111, sa_flags=SA_RESTART|SA_SIGINFO
SIGUSR1: SIG_DFL, sa_mask[0]=00000000000000000000000000000000, sa_flags=SA_RESTART
SIGUSR2: [libjvm.dylib+0x45ab4e], sa_mask[0]=00100000000000000000000000000000, sa_flags=SA_RESTART|SA_SIGINFO
SIGHUP: [libjvm.dylib+0x459121], sa_mask[0]=11111111011111110111111111111111, sa_flags=SA_RESTART|SA_SIGINFO
SIGINT: [libjvm.dylib+0x459121], sa_mask[0]=11111111011111110111111111111111, sa_flags=SA_RESTART|SA_SIGINFO
SIGTERM: [libjvm.dylib+0x459121], sa_mask[0]=11111111011111110111111111111111, sa_flags=SA_RESTART|SA_SIGINFO
SIGQUIT: [libjvm.dylib+0x459121], sa_mask[0]=11111111011111110111111111111111, sa_flags=SA_RESTART|SA_SIGINFO


---------------  S Y S T E M  ---------------

OS:Bsduname:Darwin 13.3.0 Darwin Kernel Version 13.3.0: Tue Jun  3 21:27:35 PDT 2014; root:xnu-2422.110.17~1/RELEASE_X86_64 x86_64
rlimit: STACK 8192k, CORE 0k, NPROC 709, NOFILE 10240, AS infinity
load average:3.23 3.90 4.03

CPU:total 4 (2 cores per cpu, 2 threads per core) family 6 model 69 stepping 1, cmov, cx8, fxsr, mmx, sse, sse2, sse3, ssse3, sse4.1, sse4.2, popcnt, avx, avx2, aes, clmul, erms, lzcnt, ht, tsc, tscinvbit, bmi1, bmi2

Memory: 4k page, physical 8388608k(43708k free)

/proc/meminfo:


vm_info: Java HotSpot(TM) 64-Bit Server VM (25.25-b02) for bsd-amd64 JRE (1.8.0_25-b17), built on Sep 17 2014 16:56:50 by "java_re" with gcc 4.2.1 (Based on Apple Inc. build 5658) (LLVM build 2336.11.00)

time: Mon Jun 29 01:02:25 2015
elapsed time: 12 seconds (0d 0h 0m 12s)

